#
# There is insufficient memory for the Java Runtime Environment to continue.
# Native memory allocation (malloc) failed to allocate 1048576 bytes. Error detail: AllocateHeap
# Possible reasons:
#   The system is out of physical RAM or swap space
#   This process is running with CompressedOops enabled, and the Java Heap may be blocking the growth of the native heap
# Possible solutions:
#   Reduce memory load on the system
#   Increase physical memory or swap space
#   Check if swap backing store is full
#   Decrease Java heap size (-Xmx/-Xms)
#   Decrease number of Java threads
#   Decrease Java thread stack sizes (-Xss)
#   Set larger code cache with -XX:ReservedCodeCacheSize=
#   JVM is running with Unscaled Compressed Oops mode in which the Java heap is
#     placed in the first 4GB address space. The Java Heap base address is the
#     maximum limit for the native heap growth. Please use -XX:HeapBaseMinAddress
#     to set the Java Heap base and to place the Java Heap above 4GB virtual address.
# This output file may be truncated or incomplete.
#
#  Out of Memory Error (allocation.cpp:44), pid=11756, tid=3260
#
# JRE version: OpenJDK Runtime Environment JBR-17.0.12+1-1087.25-nomod (17.0.12+1) (build 17.0.12+1-b1087.25)
# Java VM: OpenJDK 64-Bit Server VM JBR-17.0.12+1-1087.25-nomod (17.0.12+1-b1087.25, mixed mode, tiered, compressed oops, compressed class ptrs, g1 gc, windows-amd64)
# No core dump will be written. Minidumps are not enabled by default on client versions of Windows
#

---------------  S U M M A R Y ------------

Command Line: --enable-preview -javaagent:C:\Program Files\JetBrains\IntelliJ IDEA 2024.2.0.2\lib\idea_rt.jar=54084:C:\Program Files\JetBrains\IntelliJ IDEA 2024.2.0.2\bin -Dfile.encoding=UTF-8 org.example.grupo20integrador3.Grupo20Integrador3Application

Host: 11th Gen Intel(R) Core(TM) i3-1115G4 @ 3.00GHz, 4 cores, 3G,  Windows 11 , 64 bit Build 22621 (10.0.22621.3958)
Time: Wed Oct  9 22:17:38 2024 Hora estándar de Argentina elapsed time: 5907.627839 seconds (0d 1h 38m 27s)

---------------  T H R E A D  ---------------

Current thread (0x000001c19301d150):  VMThread "VM Thread" [stack: 0x0000004c28500000,0x0000004c28600000] [id=3260]

Stack: [0x0000004c28500000,0x0000004c28600000]
Native frames: (J=compiled Java code, j=interpreted, Vv=VM code, C=native code)
V  [jvm.dll+0x688dd9]
V  [jvm.dll+0x842eaa]
V  [jvm.dll+0x844aee]
V  [jvm.dll+0x845153]
V  [jvm.dll+0x24ba3f]
V  [jvm.dll+0xa6cc3]
V  [jvm.dll+0x2fd463]
V  [jvm.dll+0x2f8830]
V  [jvm.dll+0x2e0f0f]
V  [jvm.dll+0x324837]
V  [jvm.dll+0x84984b]
V  [jvm.dll+0x84a582]
V  [jvm.dll+0x84aa9d]
V  [jvm.dll+0x84ae74]
V  [jvm.dll+0x84af40]
V  [jvm.dll+0x7f17da]
V  [jvm.dll+0x687c55]
C  [ucrtbase.dll+0x29333]
C  [KERNEL32.DLL+0x1257d]
C  [ntdll.dll+0x5af08]

VM_Operation (0x0000004c2acfed60): G1CollectFull, mode: safepoint, requested by thread 0x000001c1b4d58e90


---------------  P R O C E S S  ---------------

Threads class SMR info:
_java_thread_list=0x000001c1ba12aa70, length=32, elements={
0x000001c1abe61630, 0x000001c1abe62100, 0x000001c1abea7250, 0x000001c1abea7e10,
0x000001c1abeac7f0, 0x000001c1abeaf1c0, 0x000001c1abeaff60, 0x000001c1abeb0a10,
0x000001c1abeb3bc0, 0x000001c1ac2601b0, 0x000001c1ac6bf2b0, 0x000001c1b1463aa0,
0x000001c1b19522c0, 0x000001c1acc46650, 0x000001c1acc4b750, 0x000001c1acc49e00,
0x000001c1acc498f0, 0x000001c1acc484b0, 0x000001c1acc489c0, 0x000001c1b21264a0,
0x000001c1b28ab970, 0x000001c1b28ad2c0, 0x000001c1b28ac390, 0x000001c1b28ae1f0,
0x000001c1b28ad7d0, 0x000001c1b28ac8a0, 0x000001c1b28aa020, 0x000001c1b28adce0,
0x000001c1b28af630, 0x000001c1acc48ed0, 0x000001c1b4d5a7e0, 0x000001c1b4d58e90
}

Java Threads: ( => current thread )
  0x000001c1abe61630 JavaThread "Reference Handler" daemon [_thread_blocked, id=14448, stack(0x0000004c28600000,0x0000004c28700000)]
  0x000001c1abe62100 JavaThread "Finalizer" daemon [_thread_blocked, id=14680, stack(0x0000004c28700000,0x0000004c28800000)]
  0x000001c1abea7250 JavaThread "Signal Dispatcher" daemon [_thread_blocked, id=13248, stack(0x0000004c28800000,0x0000004c28900000)]
  0x000001c1abea7e10 JavaThread "Attach Listener" daemon [_thread_blocked, id=7768, stack(0x0000004c28900000,0x0000004c28a00000)]
  0x000001c1abeac7f0 JavaThread "Service Thread" daemon [_thread_blocked, id=10960, stack(0x0000004c28a00000,0x0000004c28b00000)]
  0x000001c1abeaf1c0 JavaThread "Monitor Deflation Thread" daemon [_thread_blocked, id=5732, stack(0x0000004c28b00000,0x0000004c28c00000)]
  0x000001c1abeaff60 JavaThread "C2 CompilerThread0" daemon [_thread_blocked, id=15228, stack(0x0000004c28c00000,0x0000004c28d00000)]
  0x000001c1abeb0a10 JavaThread "C1 CompilerThread0" daemon [_thread_blocked, id=15444, stack(0x0000004c28d00000,0x0000004c28e00000)]
  0x000001c1abeb3bc0 JavaThread "Sweeper thread" daemon [_thread_blocked, id=15576, stack(0x0000004c28e00000,0x0000004c28f00000)]
  0x000001c1ac2601b0 JavaThread "Common-Cleaner" daemon [_thread_blocked, id=13564, stack(0x0000004c28f00000,0x0000004c29000000)]
  0x000001c1ac6bf2b0 JavaThread "Notification Thread" daemon [_thread_blocked, id=2248, stack(0x0000004c29100000,0x0000004c29200000)]
  0x000001c1b1463aa0 JavaThread "RMI TCP Accept-0" daemon [_thread_in_native, id=10856, stack(0x0000004c29800000,0x0000004c29900000)]
  0x000001c1b19522c0 JavaThread "RMI Scheduler(0)" daemon [_thread_blocked, id=12420, stack(0x0000004c29a00000,0x0000004c29b00000)]
  0x000001c1acc46650 JavaThread "mysql-cj-abandoned-connection-cleanup" daemon [_thread_blocked, id=7084, stack(0x0000004c2a000000,0x0000004c2a100000)]
  0x000001c1acc4b750 JavaThread "Live Reload Server" daemon [_thread_in_native, id=14548, stack(0x0000004c2a400000,0x0000004c2a500000)]
  0x000001c1acc49e00 JavaThread "DestroyJavaVM" [_thread_blocked, id=9732, stack(0x0000004c27f00000,0x0000004c28000000)]
  0x000001c1acc498f0 JavaThread "File Watcher" daemon [_thread_blocked, id=9212, stack(0x0000004c27e00000,0x0000004c27f00000)]
  0x000001c1acc484b0 JavaThread "File Watcher" daemon [_thread_blocked, id=17268, stack(0x0000004c29600000,0x0000004c29700000)]
  0x000001c1acc489c0 JavaThread "File Watcher" daemon [_thread_blocked, id=7308, stack(0x0000004c27d00000,0x0000004c27e00000)]
  0x000001c1b21264a0 JavaThread "File Watcher" daemon [_thread_blocked, id=10612, stack(0x0000004c29000000,0x0000004c29100000)]
  0x000001c1b28ab970 JavaThread "File Watcher" daemon [_thread_blocked, id=17108, stack(0x0000004c29900000,0x0000004c29a00000)]
  0x000001c1b28ad2c0 JavaThread "File Watcher" daemon [_thread_blocked, id=13108, stack(0x0000004c29b00000,0x0000004c29c00000)]
  0x000001c1b28ac390 JavaThread "File Watcher" daemon [_thread_blocked, id=15752, stack(0x0000004c2a100000,0x0000004c2a200000)]
  0x000001c1b28ae1f0 JavaThread "File Watcher" daemon [_thread_blocked, id=12308, stack(0x0000004c29700000,0x0000004c29800000)]
  0x000001c1b28ad7d0 JavaThread "File Watcher" daemon [_thread_blocked, id=12316, stack(0x0000004c29e00000,0x0000004c29f00000)]
  0x000001c1b28ac8a0 JavaThread "File Watcher" daemon [_thread_blocked, id=6532, stack(0x0000004c2a200000,0x0000004c2a300000)]
  0x000001c1b28aa020 JavaThread "File Watcher" daemon [_thread_blocked, id=15120, stack(0x0000004c29c00000,0x0000004c29d00000)]
  0x000001c1b28adce0 JavaThread "File Watcher" daemon [_thread_blocked, id=15944, stack(0x0000004c29f00000,0x0000004c2a000000)]
  0x000001c1b28af630 JavaThread "File Watcher" daemon [_thread_blocked, id=10280, stack(0x0000004c29d00000,0x0000004c29e00000)]
  0x000001c1acc48ed0 JavaThread "File Watcher" daemon [_thread_blocked, id=7300, stack(0x0000004c2a300000,0x0000004c2a400000)]
  0x000001c1b4d5a7e0 JavaThread "File Watcher" daemon [_thread_blocked, id=4900, stack(0x0000004c2a500000,0x0000004c2a600000)]
  0x000001c1b4d58e90 JavaThread "Thread-53" [_thread_blocked, id=15704, stack(0x0000004c2ac00000,0x0000004c2ad00000)]

Other Threads:
=>0x000001c19301d150 VMThread "VM Thread" [stack: 0x0000004c28500000,0x0000004c28600000] [id=3260]
  0x000001c1ac54bf70 WatcherThread [stack: 0x0000004c29200000,0x0000004c29300000] [id=11452]
  0x000001c192fb0480 GCTaskThread "GC Thread#0" [stack: 0x0000004c28000000,0x0000004c28100000] [id=7560]
  0x000001c1acb64450 GCTaskThread "GC Thread#1" [stack: 0x0000004c29300000,0x0000004c29400000] [id=11788]
  0x000001c1ac83cc20 GCTaskThread "GC Thread#2" [stack: 0x0000004c29400000,0x0000004c29500000] [id=1196]
  0x000001c1aca5d850 GCTaskThread "GC Thread#3" [stack: 0x0000004c29500000,0x0000004c29600000] [id=6308]
  0x000001c192fb8a50 ConcurrentGCThread "G1 Main Marker" [stack: 0x0000004c28100000,0x0000004c28200000] [id=13016]
  0x000001c192fb9470 ConcurrentGCThread "G1 Conc#0" [stack: 0x0000004c28200000,0x0000004c28300000] [id=9708]
  0x000001c192ff50a0 ConcurrentGCThread "G1 Refine#0" [stack: 0x0000004c28300000,0x0000004c28400000] [id=12728]
  0x000001c192ff5ad0 ConcurrentGCThread "G1 Service" [stack: 0x0000004c28400000,0x0000004c28500000] [id=10548]

Threads with active compile tasks:
C1 CompilerThread0  5907916 16665  s!   3       org.apache.catalina.util.LifecycleBase::destroy (274 bytes)

VM state: at safepoint (normal execution)

VM Mutex/Monitor currently owned by a thread:  ([mutex/lock_event])
[0x000001c192f71120] Threads_lock - owner thread: 0x000001c19301d150
[0x000001c192f70b80] Heap_lock - owner thread: 0x000001c1b4d58e90

Heap address: 0x00000000c4c00000, size: 948 MB, Compressed Oops mode: 32-bit

CDS archive(s) not mapped
Compressed class space mapped at: 0x0000000100000000-0x0000000140000000, reserved size: 1073741824
Narrow klass base: 0x0000000000000000, Narrow klass shift: 3, Narrow klass range: 0x140000000

GC Precious Log:
 CPUs: 4 total, 4 available
 Memory: 3790M
 Large Page Support: Disabled
 NUMA Support: Disabled
 Compressed Oops: Enabled (32-bit)
 Heap Region Size: 1M
 Heap Min Capacity: 8M
 Heap Initial Capacity: 60M
 Heap Max Capacity: 948M
 Pre-touch: Disabled
 Parallel Workers: 4
 Concurrent Workers: 1
 Concurrent Refinement Workers: 4
 Periodic GC: Disabled

Heap:
 garbage-first heap   total 99328K, used 73289K [0x00000000c4c00000, 0x0000000100000000)
  region size 1024K, 44 young (45056K), 4 survivors (4096K)
 Metaspace       used 100455K, committed 101312K, reserved 1179648K
  class space    used 12672K, committed 13120K, reserved 1048576K

Heap Regions: E=young(eden), S=young(survivor), O=old, HS=humongous(starts), HC=humongous(continues), CS=collection set, F=free, OA=open archive, CA=closed archive, TAMS=top-at-mark-start (previous, next)
|   0|0x00000000c4c00000, 0x00000000c4d00000, 0x00000000c4d00000|100%|HS|  |TAMS 0x00000000c4d00000, 0x00000000c4c00000| Complete 
|   1|0x00000000c4d00000, 0x00000000c4e00000, 0x00000000c4e00000|100%| O|  |TAMS 0x00000000c4e00000, 0x00000000c4d00000| Untracked 
|   2|0x00000000c4e00000, 0x00000000c4f00000, 0x00000000c4f00000|100%| O|  |TAMS 0x00000000c4f00000, 0x00000000c4e00000| Untracked 
|   3|0x00000000c4f00000, 0x00000000c5000000, 0x00000000c5000000|100%| O|  |TAMS 0x00000000c5000000, 0x00000000c4f00000| Untracked 
|   4|0x00000000c5000000, 0x00000000c50fffc8, 0x00000000c5100000| 99%| O|  |TAMS 0x00000000c50fffc8, 0x00000000c5000000| Untracked 
|   5|0x00000000c5100000, 0x00000000c5200000, 0x00000000c5200000|100%| O|  |TAMS 0x00000000c5200000, 0x00000000c5100000| Untracked 
|   6|0x00000000c5200000, 0x00000000c52ffff8, 0x00000000c5300000| 99%| O|  |TAMS 0x00000000c52ffff8, 0x00000000c5200000| Untracked 
|   7|0x00000000c5300000, 0x00000000c53fe2e8, 0x00000000c5400000| 99%| O|  |TAMS 0x00000000c53fe2e8, 0x00000000c5300000| Untracked 
|   8|0x00000000c5400000, 0x00000000c5500000, 0x00000000c5500000|100%| O|  |TAMS 0x00000000c5500000, 0x00000000c5400000| Untracked 
|   9|0x00000000c5500000, 0x00000000c55fffd8, 0x00000000c5600000| 99%| O|  |TAMS 0x00000000c55fffd8, 0x00000000c5500000| Untracked 
|  10|0x00000000c5600000, 0x00000000c56fffd0, 0x00000000c5700000| 99%| O|  |TAMS 0x00000000c56fffd0, 0x00000000c5600000| Untracked 
|  11|0x00000000c5700000, 0x00000000c5800000, 0x00000000c5800000|100%| O|  |TAMS 0x00000000c5800000, 0x00000000c5700000| Untracked 
|  12|0x00000000c5800000, 0x00000000c58ffff8, 0x00000000c5900000| 99%| O|  |TAMS 0x00000000c58ffff8, 0x00000000c5800000| Untracked 
|  13|0x00000000c5900000, 0x00000000c59fffe8, 0x00000000c5a00000| 99%| O|  |TAMS 0x00000000c59fffe8, 0x00000000c5900000| Untracked 
|  14|0x00000000c5a00000, 0x00000000c5afffe8, 0x00000000c5b00000| 99%| O|  |TAMS 0x00000000c5afffe8, 0x00000000c5a00000| Untracked 
|  15|0x00000000c5b00000, 0x00000000c5bffff0, 0x00000000c5c00000| 99%| O|  |TAMS 0x00000000c5bffff0, 0x00000000c5b00000| Untracked 
|  16|0x00000000c5c00000, 0x00000000c5cfffe0, 0x00000000c5d00000| 99%| O|  |TAMS 0x00000000c5cfffe0, 0x00000000c5c00000| Untracked 
|  17|0x00000000c5d00000, 0x00000000c5dffff8, 0x00000000c5e00000| 99%| O|  |TAMS 0x00000000c5dffff8, 0x00000000c5d00000| Untracked 
|  18|0x00000000c5e00000, 0x00000000c5effff8, 0x00000000c5f00000| 99%| O|  |TAMS 0x00000000c5effff8, 0x00000000c5e00000| Untracked 
|  19|0x00000000c5f00000, 0x00000000c5fffe80, 0x00000000c6000000| 99%| O|  |TAMS 0x00000000c5fffe80, 0x00000000c5f00000| Untracked 
|  20|0x00000000c6000000, 0x00000000c60ffff0, 0x00000000c6100000| 99%| O|  |TAMS 0x00000000c60ffff0, 0x00000000c6000000| Untracked 
|  21|0x00000000c6100000, 0x00000000c61ffff8, 0x00000000c6200000| 99%| O|  |TAMS 0x00000000c61ffff8, 0x00000000c6100000| Untracked 
|  22|0x00000000c6200000, 0x00000000c62ffff8, 0x00000000c6300000| 99%| O|  |TAMS 0x00000000c62ffff8, 0x00000000c6200000| Untracked 
|  23|0x00000000c6300000, 0x00000000c63fff88, 0x00000000c6400000| 99%| O|  |TAMS 0x00000000c63fff88, 0x00000000c6300000| Untracked 
|  24|0x00000000c6400000, 0x00000000c642a4a8, 0x00000000c6500000| 16%| O|  |TAMS 0x00000000c642a4a8, 0x00000000c6400000| Untracked 
|  25|0x00000000c6500000, 0x00000000c65ffff8, 0x00000000c6600000| 99%| O|  |TAMS 0x00000000c65ffff8, 0x00000000c6500000| Untracked 
|  26|0x00000000c6600000, 0x00000000c6700000, 0x00000000c6700000|100%| O|  |TAMS 0x00000000c6600000, 0x00000000c6600000| Untracked 
|  27|0x00000000c6700000, 0x00000000c67ffff8, 0x00000000c6800000| 99%| O|  |TAMS 0x00000000c67ffff8, 0x00000000c6700000| Untracked 
|  28|0x00000000c6800000, 0x00000000c6846d90, 0x00000000c6900000| 27%| O|  |TAMS 0x00000000c6846d90, 0x00000000c6800000| Untracked 
|  29|0x00000000c6900000, 0x00000000c69b7400, 0x00000000c6a00000| 71%| O|  |TAMS 0x00000000c6900000, 0x00000000c6900000| Untracked 
|  30|0x00000000c6a00000, 0x00000000c6ac8ca8, 0x00000000c6b00000| 78%| O|  |TAMS 0x00000000c6ac8ca8, 0x00000000c6a00000| Untracked 
|  31|0x00000000c6b00000, 0x00000000c6b00000, 0x00000000c6c00000|  0%| F|  |TAMS 0x00000000c6b00000, 0x00000000c6b00000| Untracked 
|  32|0x00000000c6c00000, 0x00000000c6c00000, 0x00000000c6d00000|  0%| F|  |TAMS 0x00000000c6c00000, 0x00000000c6c00000| Untracked 
|  33|0x00000000c6d00000, 0x00000000c6d00000, 0x00000000c6e00000|  0%| F|  |TAMS 0x00000000c6d00000, 0x00000000c6d00000| Untracked 
|  34|0x00000000c6e00000, 0x00000000c6e00000, 0x00000000c6f00000|  0%| F|  |TAMS 0x00000000c6e00000, 0x00000000c6e00000| Untracked 
|  35|0x00000000c6f00000, 0x00000000c6f00000, 0x00000000c7000000|  0%| F|  |TAMS 0x00000000c6f00000, 0x00000000c6f00000| Untracked 
|  36|0x00000000c7000000, 0x00000000c7000000, 0x00000000c7100000|  0%| F|  |TAMS 0x00000000c7000000, 0x00000000c7000000| Untracked 
|  37|0x00000000c7100000, 0x00000000c7100000, 0x00000000c7200000|  0%| F|  |TAMS 0x00000000c7100000, 0x00000000c7100000| Untracked 
|  38|0x00000000c7200000, 0x00000000c7200000, 0x00000000c7300000|  0%| F|  |TAMS 0x00000000c7200000, 0x00000000c7200000| Untracked 
|  39|0x00000000c7300000, 0x00000000c7300000, 0x00000000c7400000|  0%| F|  |TAMS 0x00000000c7300000, 0x00000000c7300000| Untracked 
|  40|0x00000000c7400000, 0x00000000c7400000, 0x00000000c7500000|  0%| F|  |TAMS 0x00000000c7400000, 0x00000000c7400000| Untracked 
|  41|0x00000000c7500000, 0x00000000c7500000, 0x00000000c7600000|  0%| F|  |TAMS 0x00000000c7500000, 0x00000000c7500000| Untracked 
|  42|0x00000000c7600000, 0x00000000c7600000, 0x00000000c7700000|  0%| F|  |TAMS 0x00000000c7600000, 0x00000000c7600000| Untracked 
|  43|0x00000000c7700000, 0x00000000c7700000, 0x00000000c7800000|  0%| F|  |TAMS 0x00000000c7700000, 0x00000000c7700000| Untracked 
|  44|0x00000000c7800000, 0x00000000c7800000, 0x00000000c7900000|  0%| F|  |TAMS 0x00000000c7800000, 0x00000000c7800000| Untracked 
|  45|0x00000000c7900000, 0x00000000c79a34e8, 0x00000000c7a00000| 63%| S|CS|TAMS 0x00000000c7900000, 0x00000000c7900000| Complete 
|  46|0x00000000c7a00000, 0x00000000c7b00000, 0x00000000c7b00000|100%| S|CS|TAMS 0x00000000c7a00000, 0x00000000c7a00000| Complete 
|  47|0x00000000c7b00000, 0x00000000c7b00000, 0x00000000c7c00000|  0%| F|  |TAMS 0x00000000c7b00000, 0x00000000c7b00000| Untracked 
|  48|0x00000000c7c00000, 0x00000000c7c00000, 0x00000000c7d00000|  0%| F|  |TAMS 0x00000000c7c00000, 0x00000000c7c00000| Untracked 
|  49|0x00000000c7d00000, 0x00000000c7d00000, 0x00000000c7e00000|  0%| F|  |TAMS 0x00000000c7d00000, 0x00000000c7d00000| Untracked 
|  50|0x00000000c7e00000, 0x00000000c7f00000, 0x00000000c7f00000|100%| S|CS|TAMS 0x00000000c7e00000, 0x00000000c7e00000| Complete 
|  51|0x00000000c7f00000, 0x00000000c8000000, 0x00000000c8000000|100%| S|CS|TAMS 0x00000000c7f00000, 0x00000000c7f00000| Complete 
|  52|0x00000000c8000000, 0x00000000c8000000, 0x00000000c8100000|  0%| F|  |TAMS 0x00000000c8000000, 0x00000000c8000000| Untracked 
|  53|0x00000000c8100000, 0x00000000c8100000, 0x00000000c8200000|  0%| F|  |TAMS 0x00000000c8100000, 0x00000000c8100000| Untracked 
|  54|0x00000000c8200000, 0x00000000c8200000, 0x00000000c8300000|  0%| F|  |TAMS 0x00000000c8200000, 0x00000000c8200000| Untracked 
|  55|0x00000000c8300000, 0x00000000c8300000, 0x00000000c8400000|  0%| F|  |TAMS 0x00000000c8300000, 0x00000000c8300000| Untracked 
|  56|0x00000000c8400000, 0x00000000c8400000, 0x00000000c8500000|  0%| F|  |TAMS 0x00000000c8400000, 0x00000000c8400000| Untracked 
|  57|0x00000000c8500000, 0x00000000c85728a0, 0x00000000c8600000| 44%| E|  |TAMS 0x00000000c8500000, 0x00000000c8500000| Complete 
|  58|0x00000000c8600000, 0x00000000c8700000, 0x00000000c8700000|100%| E|CS|TAMS 0x00000000c8600000, 0x00000000c8600000| Complete 
|  59|0x00000000c8700000, 0x00000000c8800000, 0x00000000c8800000|100%| E|CS|TAMS 0x00000000c8700000, 0x00000000c8700000| Complete 
|  60|0x00000000c8800000, 0x00000000c8900000, 0x00000000c8900000|100%| E|CS|TAMS 0x00000000c8800000, 0x00000000c8800000| Complete 
|  61|0x00000000c8900000, 0x00000000c8a00000, 0x00000000c8a00000|100%| E|CS|TAMS 0x00000000c8900000, 0x00000000c8900000| Complete 
|  62|0x00000000c8a00000, 0x00000000c8b00000, 0x00000000c8b00000|100%| E|CS|TAMS 0x00000000c8a00000, 0x00000000c8a00000| Complete 
|  63|0x00000000c8b00000, 0x00000000c8c00000, 0x00000000c8c00000|100%| E|CS|TAMS 0x00000000c8b00000, 0x00000000c8b00000| Complete 
|  64|0x00000000c8c00000, 0x00000000c8d00000, 0x00000000c8d00000|100%| E|CS|TAMS 0x00000000c8c00000, 0x00000000c8c00000| Complete 
|  65|0x00000000c8d00000, 0x00000000c8e00000, 0x00000000c8e00000|100%| E|CS|TAMS 0x00000000c8d00000, 0x00000000c8d00000| Complete 
|  66|0x00000000c8e00000, 0x00000000c8f00000, 0x00000000c8f00000|100%| E|CS|TAMS 0x00000000c8e00000, 0x00000000c8e00000| Complete 
|  67|0x00000000c8f00000, 0x00000000c9000000, 0x00000000c9000000|100%| E|CS|TAMS 0x00000000c8f00000, 0x00000000c8f00000| Complete 
|  68|0x00000000c9000000, 0x00000000c9100000, 0x00000000c9100000|100%| E|CS|TAMS 0x00000000c9000000, 0x00000000c9000000| Complete 
|  69|0x00000000c9100000, 0x00000000c9200000, 0x00000000c9200000|100%| E|CS|TAMS 0x00000000c9100000, 0x00000000c9100000| Complete 
|  70|0x00000000c9200000, 0x00000000c9300000, 0x00000000c9300000|100%| E|CS|TAMS 0x00000000c9200000, 0x00000000c9200000| Complete 
|  71|0x00000000c9300000, 0x00000000c9400000, 0x00000000c9400000|100%| E|CS|TAMS 0x00000000c9300000, 0x00000000c9300000| Complete 
|  72|0x00000000c9400000, 0x00000000c9500000, 0x00000000c9500000|100%| E|CS|TAMS 0x00000000c9400000, 0x00000000c9400000| Complete 
|  73|0x00000000c9500000, 0x00000000c9600000, 0x00000000c9600000|100%| E|CS|TAMS 0x00000000c9500000, 0x00000000c9500000| Complete 
|  74|0x00000000c9600000, 0x00000000c9700000, 0x00000000c9700000|100%| E|CS|TAMS 0x00000000c9600000, 0x00000000c9600000| Complete 
|  75|0x00000000c9700000, 0x00000000c9800000, 0x00000000c9800000|100%| E|CS|TAMS 0x00000000c9700000, 0x00000000c9700000| Complete 
|  76|0x00000000c9800000, 0x00000000c9900000, 0x00000000c9900000|100%| E|CS|TAMS 0x00000000c9800000, 0x00000000c9800000| Complete 
|  77|0x00000000c9900000, 0x00000000c9a00000, 0x00000000c9a00000|100%| E|CS|TAMS 0x00000000c9900000, 0x00000000c9900000| Complete 
|  78|0x00000000c9a00000, 0x00000000c9b00000, 0x00000000c9b00000|100%| E|CS|TAMS 0x00000000c9a00000, 0x00000000c9a00000| Complete 
|  79|0x00000000c9b00000, 0x00000000c9c00000, 0x00000000c9c00000|100%| E|CS|TAMS 0x00000000c9b00000, 0x00000000c9b00000| Complete 
|  80|0x00000000c9c00000, 0x00000000c9d00000, 0x00000000c9d00000|100%| E|CS|TAMS 0x00000000c9c00000, 0x00000000c9c00000| Complete 
|  81|0x00000000c9d00000, 0x00000000c9e00000, 0x00000000c9e00000|100%| E|CS|TAMS 0x00000000c9d00000, 0x00000000c9d00000| Complete 
|  82|0x00000000c9e00000, 0x00000000c9f00000, 0x00000000c9f00000|100%| E|CS|TAMS 0x00000000c9e00000, 0x00000000c9e00000| Complete 
|  83|0x00000000c9f00000, 0x00000000ca000000, 0x00000000ca000000|100%| E|CS|TAMS 0x00000000c9f00000, 0x00000000c9f00000| Complete 
|  84|0x00000000ca000000, 0x00000000ca100000, 0x00000000ca100000|100%| E|CS|TAMS 0x00000000ca000000, 0x00000000ca000000| Complete 
|  85|0x00000000ca100000, 0x00000000ca200000, 0x00000000ca200000|100%| E|CS|TAMS 0x00000000ca100000, 0x00000000ca100000| Complete 
|  86|0x00000000ca200000, 0x00000000ca300000, 0x00000000ca300000|100%| E|CS|TAMS 0x00000000ca200000, 0x00000000ca200000| Complete 
|  87|0x00000000ca300000, 0x00000000ca400000, 0x00000000ca400000|100%| E|CS|TAMS 0x00000000ca300000, 0x00000000ca300000| Complete 
|  88|0x00000000ca400000, 0x00000000ca500000, 0x00000000ca500000|100%| E|CS|TAMS 0x00000000ca400000, 0x00000000ca400000| Complete 
|  89|0x00000000ca500000, 0x00000000ca600000, 0x00000000ca600000|100%| E|CS|TAMS 0x00000000ca500000, 0x00000000ca500000| Complete 
|  90|0x00000000ca600000, 0x00000000ca700000, 0x00000000ca700000|100%| E|CS|TAMS 0x00000000ca600000, 0x00000000ca600000| Complete 
|  91|0x00000000ca700000, 0x00000000ca800000, 0x00000000ca800000|100%| E|CS|TAMS 0x00000000ca700000, 0x00000000ca700000| Complete 
|  92|0x00000000ca800000, 0x00000000ca900000, 0x00000000ca900000|100%| E|CS|TAMS 0x00000000ca800000, 0x00000000ca800000| Complete 
|  93|0x00000000ca900000, 0x00000000caa00000, 0x00000000caa00000|100%| E|CS|TAMS 0x00000000ca900000, 0x00000000ca900000| Complete 
|  94|0x00000000caa00000, 0x00000000cab00000, 0x00000000cab00000|100%| E|CS|TAMS 0x00000000caa00000, 0x00000000caa00000| Complete 
|  95|0x00000000cab00000, 0x00000000cac00000, 0x00000000cac00000|100%| E|CS|TAMS 0x00000000cab00000, 0x00000000cab00000| Complete 
|  96|0x00000000cac00000, 0x00000000cad00000, 0x00000000cad00000|100%| E|CS|TAMS 0x00000000cac00000, 0x00000000cac00000| Complete 

Card table byte_map: [0x000001c1a7720000,0x000001c1a7900000] _byte_map_base: 0x000001c1a70fa000

Marking Bits (Prev, Next): (CMBitMap*) 0x000001c192fb0ae0, (CMBitMap*) 0x000001c192fb0aa0
 Prev Bits: [0x000001c1a89b0000, 0x000001c1a9880000)
 Next Bits: [0x000001c1a7ae0000, 0x000001c1a89b0000)

Polling page: 0x000001c197ef0000

Metaspace:

Usage:
  Non-class:     85.73 MB used.
      Class:     12.38 MB used.
       Both:     98.10 MB used.

Virtual space:
  Non-class space:      128.00 MB reserved,      86.12 MB ( 67%) committed,  2 nodes.
      Class space:        1.00 GB reserved,      12.81 MB (  1%) committed,  1 nodes.
             Both:        1.12 GB reserved,      98.94 MB (  9%) committed. 

Chunk freelists:
   Non-Class:  9.04 MB
       Class:  3.23 MB
        Both:  12.27 MB

MaxMetaspaceSize: unlimited
CompressedClassSpaceSize: 1.00 GB
Initial GC threshold: 21.00 MB
Current GC threshold: 164.94 MB
CDS: off
MetaspaceReclaimPolicy: balanced
 - commit_granule_bytes: 65536.
 - commit_granule_words: 8192.
 - virtual_space_node_default_size: 8388608.
 - enlarge_chunks_in_place: 1.
 - new_chunks_are_fully_committed: 0.
 - uncommit_free_chunks: 1.
 - use_allocation_guard: 0.
 - handle_deallocations: 1.


Internal statistics:

num_allocs_failed_limit: 6.
num_arena_births: 1460.
num_arena_deaths: 484.
num_vsnodes_births: 3.
num_vsnodes_deaths: 0.
num_space_committed: 1583.
num_space_uncommitted: 0.
num_chunks_returned_to_freelist: 585.
num_chunks_taken_from_freelist: 5198.
num_chunk_merges: 182.
num_chunk_splits: 3303.
num_chunks_enlarged: 2330.
num_inconsistent_stats: 0.

CodeHeap 'non-profiled nmethods': size=120000Kb used=11599Kb max_used=11599Kb free=108401Kb
 bounds [0x000001c19f9e0000, 0x000001c1a0540000, 0x000001c1a6f10000]
CodeHeap 'profiled nmethods': size=120000Kb used=28376Kb max_used=28376Kb free=91623Kb
 bounds [0x000001c197f10000, 0x000001c199ad0000, 0x000001c19f440000]
CodeHeap 'non-nmethods': size=5760Kb used=1405Kb max_used=1467Kb free=4354Kb
 bounds [0x000001c19f440000, 0x000001c19f6b0000, 0x000001c19f9e0000]
 total_blobs=14944 nmethods=14209 adapters=645
 compilation: enabled
              stopped_count=0, restarted_count=0
 full_count=0

Compilation events (20 events):
Event: 5905.662 Thread 0x000001c1abeb0a10 nmethod 16655 0x000001c199abc190 code [0x000001c199abc380, 0x000001c199abc9a8]
Event: 5906.410 Thread 0x000001c1abeb0a10 16656       1       com.mysql.cj.NativeSession::setForceClosedReason (6 bytes)
Event: 5906.421 Thread 0x000001c1abeb0a10 nmethod 16656 0x000001c1a0533910 code [0x000001c1a0533aa0, 0x000001c1a0533bb8]
Event: 5906.421 Thread 0x000001c1abeb0a10 16657   !   3       sun.security.ssl.TransportContext::warning (82 bytes)
Event: 5906.430 Thread 0x000001c1abeb0a10 nmethod 16657 0x000001c199abcc90 code [0x000001c199abce40, 0x000001c199abd128]
Event: 5906.430 Thread 0x000001c1abeb0a10 16658   !   3       sun.security.ssl.SSLSocketOutputRecord::encodeAlert (281 bytes)
Event: 5906.465 Thread 0x000001c1abeb0a10 nmethod 16658 0x000001c199abd290 code [0x000001c199abd5e0, 0x000001c199abec58]
Event: 5906.489 Thread 0x000001c1abeb0a10 16659       3       sun.security.ssl.SSLSocketInputRecord::deplete (50 bytes)
Event: 5906.494 Thread 0x000001c1abeb0a10 nmethod 16659 0x000001c199abf590 code [0x000001c199abf780, 0x000001c199abfcd8]
Event: 5906.494 Thread 0x000001c1abeb0a10 16660   !   3       com.mysql.cj.jdbc.ConnectionImpl::close (85 bytes)
Event: 5906.535 Thread 0x000001c1abeb0a10 nmethod 16660 0x000001c199abfe90 code [0x000001c199ac00e0, 0x000001c199ac09b8]
Event: 5906.535 Thread 0x000001c1abeb0a10 16661   !   3       com.mysql.cj.jdbc.ConnectionImpl::realClose (340 bytes)
Event: 5906.627 Thread 0x000001c1abeb0a10 nmethod 16661 0x000001c199ac0d90 code [0x000001c199ac11a0, 0x000001c199ac31a8]
Event: 5906.627 Thread 0x000001c1abeb0a10 16663       3       javax.crypto.ShortBufferException::<init> (6 bytes)
Event: 5906.628 Thread 0x000001c1abeb0a10 nmethod 16663 0x000001c199ac4110 code [0x000001c199ac42c0, 0x000001c199ac44c8]
Event: 5906.628 Thread 0x000001c1abeb0a10 16662   !   3       com.mysql.cj.protocol.NetworkResources::forceClose (242 bytes)
Event: 5906.644 Thread 0x000001c1abeb0a10 nmethod 16662 0x000001c199ac4590 code [0x000001c199ac48c0, 0x000001c199ac5d88]
Event: 5907.602 Thread 0x000001c1abeb0a10 16664       3       java.util.concurrent.atomic.AtomicInteger::compareAndSet (13 bytes)
Event: 5907.605 Thread 0x000001c1abeb0a10 nmethod 16664 0x000001c199ac6610 code [0x000001c199ac67a0, 0x000001c199ac68d8]
Event: 5907.605 Thread 0x000001c1abeb0a10 16665  s!   3       org.apache.catalina.util.LifecycleBase::destroy (274 bytes)

GC Heap History (20 events):
Event: 5487.286 GC heap after
{Heap after GC invocations=115 (full 1):
 garbage-first heap   total 126976K, used 51617K [0x00000000c4c00000, 0x0000000100000000)
  region size 1024K, 2 young (2048K), 2 survivors (2048K)
 Metaspace       used 97237K, committed 98048K, reserved 1179648K
  class space    used 12485K, committed 12864K, reserved 1048576K
}
Event: 5496.569 GC heap before
{Heap before GC invocations=115 (full 1):
 garbage-first heap   total 126976K, used 55713K [0x00000000c4c00000, 0x0000000100000000)
  region size 1024K, 6 young (6144K), 2 survivors (2048K)
 Metaspace       used 97237K, committed 98048K, reserved 1179648K
  class space    used 12485K, committed 12864K, reserved 1048576K
}
Event: 5496.655 GC heap after
{Heap after GC invocations=116 (full 1):
 garbage-first heap   total 126976K, used 50345K [0x00000000c4c00000, 0x0000000100000000)
  region size 1024K, 1 young (1024K), 1 survivors (1024K)
 Metaspace       used 97237K, committed 98048K, reserved 1179648K
  class space    used 12485K, committed 12864K, reserved 1048576K
}
Event: 5586.674 GC heap before
{Heap before GC invocations=116 (full 1):
 garbage-first heap   total 126976K, used 105641K [0x00000000c4c00000, 0x0000000100000000)
  region size 1024K, 56 young (57344K), 1 survivors (1024K)
 Metaspace       used 97327K, committed 98176K, reserved 1179648K
  class space    used 12492K, committed 12928K, reserved 1048576K
}
Event: 5586.704 GC heap after
{Heap after GC invocations=117 (full 1):
 garbage-first heap   total 126976K, used 52089K [0x00000000c4c00000, 0x0000000100000000)
  region size 1024K, 3 young (3072K), 3 survivors (3072K)
 Metaspace       used 97327K, committed 98176K, reserved 1179648K
  class space    used 12492K, committed 12928K, reserved 1048576K
}
Event: 5594.529 GC heap before
{Heap before GC invocations=118 (full 1):
 garbage-first heap   total 126976K, used 105337K [0x00000000c4c00000, 0x0000000100000000)
  region size 1024K, 56 young (57344K), 3 survivors (3072K)
 Metaspace       used 99009K, committed 99904K, reserved 1179648K
  class space    used 12626K, committed 13056K, reserved 1048576K
}
Event: 5594.559 GC heap after
{Heap after GC invocations=119 (full 1):
 garbage-first heap   total 126976K, used 55457K [0x00000000c4c00000, 0x0000000100000000)
  region size 1024K, 6 young (6144K), 6 survivors (6144K)
 Metaspace       used 99009K, committed 99904K, reserved 1179648K
  class space    used 12626K, committed 13056K, reserved 1048576K
}
Event: 5595.263 GC heap before
{Heap before GC invocations=119 (full 1):
 garbage-first heap   total 126976K, used 56481K [0x00000000c4c00000, 0x0000000100000000)
  region size 1024K, 7 young (7168K), 6 survivors (6144K)
 Metaspace       used 99051K, committed 99968K, reserved 1179648K
  class space    used 12626K, committed 13056K, reserved 1048576K
}
Event: 5595.353 GC heap after
{Heap after GC invocations=120 (full 1):
 garbage-first heap   total 126976K, used 55030K [0x00000000c4c00000, 0x0000000100000000)
  region size 1024K, 1 young (1024K), 1 survivors (1024K)
 Metaspace       used 99051K, committed 99968K, reserved 1179648K
  class space    used 12626K, committed 13056K, reserved 1048576K
}
Event: 5666.017 GC heap before
{Heap before GC invocations=120 (full 1):
 garbage-first heap   total 126976K, used 105206K [0x00000000c4c00000, 0x0000000100000000)
  region size 1024K, 50 young (51200K), 1 survivors (1024K)
 Metaspace       used 99312K, committed 100160K, reserved 1179648K
  class space    used 12630K, committed 13056K, reserved 1048576K
}
Event: 5666.239 GC heap after
{Heap after GC invocations=121 (full 1):
 garbage-first heap   total 126976K, used 56334K [0x00000000c4c00000, 0x0000000100000000)
  region size 1024K, 3 young (3072K), 3 survivors (3072K)
 Metaspace       used 99312K, committed 100160K, reserved 1179648K
  class space    used 12630K, committed 13056K, reserved 1048576K
}
Event: 5738.005 GC heap before
{Heap before GC invocations=122 (full 1):
 garbage-first heap   total 126976K, used 85006K [0x00000000c4c00000, 0x0000000100000000)
  region size 1024K, 32 young (32768K), 3 survivors (3072K)
 Metaspace       used 99287K, committed 100160K, reserved 1179648K
  class space    used 12624K, committed 13056K, reserved 1048576K
}
Event: 5739.142 GC heap after
{Heap after GC invocations=123 (full 2):
 garbage-first heap   total 99328K, used 27871K [0x00000000c4c00000, 0x0000000100000000)
  region size 1024K, 0 young (0K), 0 survivors (0K)
 Metaspace       used 99259K, committed 100160K, reserved 1179648K
  class space    used 12618K, committed 13056K, reserved 1048576K
}
Event: 5741.835 GC heap before
{Heap before GC invocations=123 (full 2):
 garbage-first heap   total 99328K, used 78047K [0x00000000c4c00000, 0x0000000100000000)
  region size 1024K, 50 young (51200K), 0 survivors (0K)
 Metaspace       used 99473K, committed 100352K, reserved 1179648K
  class space    used 12637K, committed 13056K, reserved 1048576K
}
Event: 5741.846 GC heap after
{Heap after GC invocations=124 (full 2):
 garbage-first heap   total 99328K, used 30943K [0x00000000c4c00000, 0x0000000100000000)
  region size 1024K, 3 young (3072K), 3 survivors (3072K)
 Metaspace       used 99473K, committed 100352K, reserved 1179648K
  class space    used 12637K, committed 13056K, reserved 1048576K
}
Event: 5744.861 GC heap before
{Heap before GC invocations=125 (full 2):
 garbage-first heap   total 99328K, used 78047K [0x00000000c4c00000, 0x0000000100000000)
  region size 1024K, 50 young (51200K), 3 survivors (3072K)
 Metaspace       used 100374K, committed 101248K, reserved 1179648K
  class space    used 12673K, committed 13120K, reserved 1048576K
}
Event: 5744.872 GC heap after
{Heap after GC invocations=126 (full 2):
 garbage-first heap   total 99328K, used 32991K [0x00000000c4c00000, 0x0000000100000000)
  region size 1024K, 5 young (5120K), 5 survivors (5120K)
 Metaspace       used 100374K, committed 101248K, reserved 1179648K
  class space    used 12673K, committed 13120K, reserved 1048576K
}
Event: 5815.227 GC heap before
{Heap before GC invocations=126 (full 2):
 garbage-first heap   total 99328K, used 79071K [0x00000000c4c00000, 0x0000000100000000)
  region size 1024K, 50 young (51200K), 5 survivors (5120K)
 Metaspace       used 100457K, committed 101312K, reserved 1179648K
  class space    used 12676K, committed 13120K, reserved 1048576K
}
Event: 5815.428 GC heap after
{Heap after GC invocations=127 (full 2):
 garbage-first heap   total 99328K, used 33353K [0x00000000c4c00000, 0x0000000100000000)
  region size 1024K, 4 young (4096K), 4 survivors (4096K)
 Metaspace       used 100457K, committed 101312K, reserved 1179648K
  class space    used 12676K, committed 13120K, reserved 1048576K
}
Event: 5907.621 GC heap before
{Heap before GC invocations=128 (full 2):
 garbage-first heap   total 99328K, used 73289K [0x00000000c4c00000, 0x0000000100000000)
  region size 1024K, 44 young (45056K), 4 survivors (4096K)
 Metaspace       used 100455K, committed 101312K, reserved 1179648K
  class space    used 12672K, committed 13120K, reserved 1048576K
}

Dll operation events (4 events):
Event: 0.042 Loaded shared library C:\Users\Paulo\.jdks\jbr-17.0.12\bin\java.dll
Event: 0.100 Loaded shared library C:\Users\Paulo\.jdks\jbr-17.0.12\bin\jsvml.dll
Event: 0.432 Loaded shared library C:\Users\Paulo\.jdks\jbr-17.0.12\bin\zip.dll
Event: 13.746 Loaded shared library C:\Users\Paulo\.jdks\jbr-17.0.12\bin\verify.dll

Deoptimization events (20 events):
Event: 5745.313 Thread 0x000001c1b4d5cb50 Uncommon trap: trap_request=0xffffffc6 fr.pc=0x000001c19fda4d80 relative=0x0000000000000ba0
Event: 5745.313 Thread 0x000001c1b4d5cb50 Uncommon trap: reason=bimorphic_or_optimized_type_check action=maybe_recompile pc=0x000001c19fda4d80 method=java.util.TreeMap.forEach(Ljava/util/function/BiConsumer;)V @ 28 c2
Event: 5745.313 Thread 0x000001c1b4d5cb50 DEOPT PACKING pc=0x000001c19fda4d80 sp=0x0000004c2a6fe1c0
Event: 5745.314 Thread 0x000001c1b4d5cb50 DEOPT UNPACKING pc=0x000001c19f49a1a3 sp=0x0000004c2a6fe1b0 mode 2
Event: 5904.853 Thread 0x000001c1b4d5da80 Uncommon trap: trap_request=0xffffffbe fr.pc=0x000001c1a052bb04 relative=0x0000000000002644
Event: 5904.855 Thread 0x000001c1b4d5da80 Uncommon trap: reason=profile_predicate action=maybe_recompile pc=0x000001c1a052bb04 method=org.springframework.util.AntPathMatcher.doMatch(Ljava/lang/String;Ljava/lang/String;ZLjava/util/Map;)Z @ 86 c2
Event: 5904.855 Thread 0x000001c1b4d5da80 DEOPT PACKING pc=0x000001c1a052bb04 sp=0x0000004c2adff1b0
Event: 5904.856 Thread 0x000001c1b4d5da80 DEOPT UNPACKING pc=0x000001c19f49a1a3 sp=0x0000004c2adff140 mode 2
Event: 5904.865 Thread 0x000001c1b4d5da80 Uncommon trap: trap_request=0xffffffbe fr.pc=0x000001c1a052bb04 relative=0x0000000000002644
Event: 5904.865 Thread 0x000001c1b4d5da80 Uncommon trap: reason=profile_predicate action=maybe_recompile pc=0x000001c1a052bb04 method=org.springframework.util.AntPathMatcher.doMatch(Ljava/lang/String;Ljava/lang/String;ZLjava/util/Map;)Z @ 86 c2
Event: 5904.865 Thread 0x000001c1b4d5da80 DEOPT PACKING pc=0x000001c1a052bb04 sp=0x0000004c2adff1b0
Event: 5904.865 Thread 0x000001c1b4d5da80 DEOPT UNPACKING pc=0x000001c19f49a1a3 sp=0x0000004c2adff140 mode 2
Event: 5904.865 Thread 0x000001c1b4d5da80 Uncommon trap: trap_request=0xffffffbe fr.pc=0x000001c1a052bb04 relative=0x0000000000002644
Event: 5904.866 Thread 0x000001c1b4d5da80 Uncommon trap: reason=profile_predicate action=maybe_recompile pc=0x000001c1a052bb04 method=org.springframework.util.AntPathMatcher.doMatch(Ljava/lang/String;Ljava/lang/String;ZLjava/util/Map;)Z @ 86 c2
Event: 5904.866 Thread 0x000001c1b4d5da80 DEOPT PACKING pc=0x000001c1a052bb04 sp=0x0000004c2adff1b0
Event: 5904.866 Thread 0x000001c1b4d5da80 DEOPT UNPACKING pc=0x000001c19f49a1a3 sp=0x0000004c2adff140 mode 2
Event: 5904.884 Thread 0x000001c1b4d5da80 Uncommon trap: trap_request=0xffffffbe fr.pc=0x000001c1a052bb04 relative=0x0000000000002644
Event: 5904.884 Thread 0x000001c1b4d5da80 Uncommon trap: reason=profile_predicate action=maybe_recompile pc=0x000001c1a052bb04 method=org.springframework.util.AntPathMatcher.doMatch(Ljava/lang/String;Ljava/lang/String;ZLjava/util/Map;)Z @ 86 c2
Event: 5904.884 Thread 0x000001c1b4d5da80 DEOPT PACKING pc=0x000001c1a052bb04 sp=0x0000004c2adff1b0
Event: 5904.884 Thread 0x000001c1b4d5da80 DEOPT UNPACKING pc=0x000001c19f49a1a3 sp=0x0000004c2adff140 mode 2

Classes unloaded (20 events):
Event: 5667.397 Thread 0x000001c19301d150 Unloading class 0x0000000100c1c000 'jdk/internal/reflect/GeneratedMethodAccessor36'
Event: 5667.398 Thread 0x000001c19301d150 Unloading class 0x0000000100b41c00 'jdk/internal/reflect/GeneratedConstructorAccessor37'
Event: 5667.400 Thread 0x000001c19301d150 Unloading class 0x0000000100b41400 'jdk/internal/reflect/GeneratedConstructorAccessor36'
Event: 5667.402 Thread 0x000001c19301d150 Unloading class 0x0000000100b40400 'jdk/internal/reflect/GeneratedConstructorAccessor35'
Event: 5667.404 Thread 0x000001c19301d150 Unloading class 0x0000000100bba000 'org/apache/catalina/loader/JdbcLeakPrevention'
Event: 5738.186 Thread 0x000001c19301d150 Unloading class 0x0000000100cb5c00 'jdk/internal/reflect/GeneratedSerializationConstructorAccessor20'
Event: 5738.186 Thread 0x000001c19301d150 Unloading class 0x0000000100c8a800 'org/apache/catalina/loader/JdbcLeakPrevention'
Event: 5738.187 Thread 0x000001c19301d150 Unloading class 0x0000000100c87800 'org/apache/catalina/loader/JdbcLeakPrevention'
Event: 5738.187 Thread 0x000001c19301d150 Unloading class 0x0000000100c83000 'org/apache/catalina/loader/JdbcLeakPrevention'
Event: 5738.187 Thread 0x000001c19301d150 Unloading class 0x0000000100c70800 'org/apache/catalina/loader/JdbcLeakPrevention'
Event: 5738.187 Thread 0x000001c19301d150 Unloading class 0x0000000100c58800 'org/apache/catalina/loader/JdbcLeakPrevention'
Event: 5738.187 Thread 0x000001c19301d150 Unloading class 0x0000000100c4a800 'org/apache/catalina/loader/JdbcLeakPrevention'
Event: 5738.187 Thread 0x000001c19301d150 Unloading class 0x0000000100c48800 'org/apache/catalina/loader/JdbcLeakPrevention'
Event: 5738.188 Thread 0x000001c19301d150 Unloading class 0x0000000100c40c00 'org/apache/catalina/loader/JdbcLeakPrevention'
Event: 5738.188 Thread 0x000001c19301d150 Unloading class 0x0000000100c24800 'org/apache/catalina/loader/JdbcLeakPrevention'
Event: 5815.708 Thread 0x000001c19301d150 Unloading class 0x0000000100bba000 'org/apache/catalina/loader/JdbcLeakPrevention'
Event: 5815.709 Thread 0x000001c19301d150 Unloading class 0x0000000100468c00 'org/example/grupo20integrador3/repositories/EstudianteCarreraRepository'
Event: 5815.709 Thread 0x000001c19301d150 Unloading class 0x0000000100469c00 'org/example/grupo20integrador3/entities/Carrera'
Event: 5815.710 Thread 0x000001c19301d150 Unloading class 0x000000010046a400 'org/example/grupo20integrador3/repositories/CarreraRepository'
Event: 5815.710 Thread 0x000001c19301d150 Unloading class 0x0000000100c62c00 'org/example/grupo20integrador3/Grupo20Integrador3Application'

Classes redefined (0 events):
No events

Internal exceptions (20 events):
Event: 5745.203 Thread 0x000001c1b4d5cb50 Exception <a 'java/io/IOException'{0x00000000caad9b68}> (0x00000000caad9b68) 
thrown [s\src\hotspot\share\prims\jni.cpp, line 517]
Event: 5745.203 Thread 0x000001c1b4d5cb50 Exception <a 'java/io/IOException'{0x00000000caada128}> (0x00000000caada128) 
thrown [s\src\hotspot\share\prims\jni.cpp, line 517]
Event: 5745.255 Thread 0x000001c1b4d5cb50 Exception <a 'sun/nio/fs/WindowsException'{0x00000000ca5566d0}> (0x00000000ca5566d0) 
thrown [s\src\hotspot\share\prims\jni.cpp, line 517]
Event: 5745.297 Thread 0x000001c1b4d5cb50 Exception <a 'java/io/IOException'{0x00000000c9e046f8}> (0x00000000c9e046f8) 
thrown [s\src\hotspot\share\prims\jni.cpp, line 517]
Event: 5745.297 Thread 0x000001c1b4d5cb50 Exception <a 'java/io/IOException'{0x00000000c9e04cb8}> (0x00000000c9e04cb8) 
thrown [s\src\hotspot\share\prims\jni.cpp, line 517]
Event: 5745.307 Thread 0x000001c1b4d5cb50 Exception <a 'java/io/IOException'{0x00000000c9e902e8}> (0x00000000c9e902e8) 
thrown [s\src\hotspot\share\prims\jni.cpp, line 517]
Event: 5745.307 Thread 0x000001c1b4d5cb50 Exception <a 'java/io/IOException'{0x00000000c9e908a8}> (0x00000000c9e908a8) 
thrown [s\src\hotspot\share\prims\jni.cpp, line 517]
Event: 5745.311 Thread 0x000001c1b4d5cb50 Exception <a 'java/io/IOException'{0x00000000c9eafc68}> (0x00000000c9eafc68) 
thrown [s\src\hotspot\share\prims\jni.cpp, line 517]
Event: 5745.311 Thread 0x000001c1b4d5cb50 Exception <a 'java/io/IOException'{0x00000000c9eaff80}> (0x00000000c9eaff80) 
thrown [s\src\hotspot\share\prims\jni.cpp, line 517]
Event: 5745.314 Thread 0x000001c1b4d5cb50 Exception <a 'java/io/IOException'{0x00000000c9ec0c00}> (0x00000000c9ec0c00) 
thrown [s\src\hotspot\share\prims\jni.cpp, line 517]
Event: 5745.314 Thread 0x000001c1b4d5cb50 Exception <a 'java/io/IOException'{0x00000000c9ec11c0}> (0x00000000c9ec11c0) 
thrown [s\src\hotspot\share\prims\jni.cpp, line 517]
Event: 5905.098 Thread 0x000001c1b4d5da80 Exception <a 'java/io/IOException'{0x00000000c87ae828}> (0x00000000c87ae828) 
thrown [s\src\hotspot\share\prims\jni.cpp, line 517]
Event: 5905.101 Thread 0x000001c1b4d5da80 Exception <a 'java/io/IOException'{0x00000000c87aede8}> (0x00000000c87aede8) 
thrown [s\src\hotspot\share\prims\jni.cpp, line 517]
Event: 5905.738 Thread 0x000001c1b4d58e90 Exception <a 'java/io/IOException'{0x00000000c8653a50}> (0x00000000c8653a50) 
thrown [s\src\hotspot\share\prims\jni.cpp, line 517]
Event: 5905.739 Thread 0x000001c1b4d58e90 Exception <a 'java/io/IOException'{0x00000000c8654010}> (0x00000000c8654010) 
thrown [s\src\hotspot\share\prims\jni.cpp, line 517]
Event: 5905.879 Thread 0x000001c1b4d58e90 Exception <a 'java/io/IOException'{0x00000000c8682a10}> (0x00000000c8682a10) 
thrown [s\src\hotspot\share\prims\jni.cpp, line 517]
Event: 5905.880 Thread 0x000001c1b4d58e90 Exception <a 'java/io/IOException'{0x00000000c8682fd0}> (0x00000000c8682fd0) 
thrown [s\src\hotspot\share\prims\jni.cpp, line 517]
Event: 5907.200 Thread 0x000001c1b4d58e90 Exception <a 'java/io/IOException'{0x00000000c8685450}> (0x00000000c8685450) 
thrown [s\src\hotspot\share\prims\jni.cpp, line 517]
Event: 5907.200 Thread 0x000001c1b4d58e90 Exception <a 'java/io/IOException'{0x00000000c8685a10}> (0x00000000c8685a10) 
thrown [s\src\hotspot\share\prims\jni.cpp, line 517]
Event: 5907.602 Thread 0x000001c1b4d598b0 Exception <a 'java/lang/InterruptedException'{0x00000000c8567080}: sleep interrupted> (0x00000000c8567080) 
thrown [s\src\hotspot\share\prims\jvm.cpp, line 3067]

VM Operations (20 events):
Event: 5742.992 Executing VM operation: Cleanup done
Event: 5743.997 Executing VM operation: Cleanup
Event: 5743.997 Executing VM operation: Cleanup done
Event: 5744.861 Executing VM operation: G1CollectForAllocation
Event: 5744.872 Executing VM operation: G1CollectForAllocation done
Event: 5745.877 Executing VM operation: Cleanup
Event: 5745.877 Executing VM operation: Cleanup done
Event: 5771.507 Executing VM operation: HandshakeAllThreads
Event: 5771.524 Executing VM operation: HandshakeAllThreads done
Event: 5815.217 Executing VM operation: G1CollectForAllocation
Event: 5815.430 Executing VM operation: G1CollectForAllocation done
Event: 5815.707 Executing VM operation: G1PauseRemark
Event: 5816.588 Executing VM operation: G1PauseRemark done
Event: 5816.623 Executing VM operation: G1PauseCleanup
Event: 5817.175 Executing VM operation: G1PauseCleanup done
Event: 5905.889 Executing VM operation: Cleanup
Event: 5905.893 Executing VM operation: Cleanup done
Event: 5906.899 Executing VM operation: Cleanup
Event: 5906.919 Executing VM operation: Cleanup done
Event: 5907.606 Executing VM operation: G1CollectFull

Events (20 events):
Event: 5905.110 Thread 0x000001c1b4d58e90 Thread added: 0x000001c1b4d58e90
Event: 5905.111 Thread 0x000001c1b4d5da80 Thread exited: 0x000001c1b4d5da80
Event: 5905.652 Thread 0x000001c1b4d57a50 Thread exited: 0x000001c1b4d57a50
Event: 5905.659 Thread 0x000001c1b4d57030 Thread exited: 0x000001c1b4d57030
Event: 5905.673 Thread 0x000001c1b4d5c130 Thread exited: 0x000001c1b4d5c130
Event: 5905.673 Thread 0x000001c1b4d57540 Thread exited: 0x000001c1b4d57540
Event: 5905.673 Thread 0x000001c1b4d5b710 Thread exited: 0x000001c1b4d5b710
Event: 5905.674 Thread 0x000001c1b4d5a2d0 Thread exited: 0x000001c1b4d5a2d0
Event: 5905.674 Thread 0x000001c1b4d57f60 Thread exited: 0x000001c1b4d57f60
Event: 5905.674 Thread 0x000001c1b4d5d060 Thread exited: 0x000001c1b4d5d060
Event: 5905.675 Thread 0x000001c1b4d593a0 Thread exited: 0x000001c1b4d593a0
Event: 5905.676 Thread 0x000001c1b4d56610 Thread exited: 0x000001c1b4d56610
Event: 5905.676 Thread 0x000001c1b4d59dc0 Thread exited: 0x000001c1b4d59dc0
Event: 5905.676 Thread 0x000001c1b4d5bc20 Thread exited: 0x000001c1b4d5bc20
Event: 5905.909 Thread 0x000001c1b4d59dc0 Thread added: 0x000001c1b4d59dc0
Event: 5905.915 Thread 0x000001c1b4d58980 Thread exited: 0x000001c1b4d58980
Event: 5907.202 Thread 0x000001c1b4d59dc0 Thread exited: 0x000001c1b4d59dc0
Event: 5907.601 Thread 0x000001c1b4d5b200 Thread exited: 0x000001c1b4d5b200
Event: 5907.602 Thread 0x000001c1b4d598b0 Thread exited: 0x000001c1b4d598b0
Event: 5907.603 Thread 0x000001c1b4d5acf0 Thread exited: 0x000001c1b4d5acf0


Dynamic libraries:
0x00007ff66bb50000 - 0x00007ff66bb5a000 	C:\Users\Paulo\.jdks\jbr-17.0.12\bin\java.exe
0x00007ff8487f0000 - 0x00007ff848a07000 	C:\WINDOWS\SYSTEM32\ntdll.dll
0x00007ff8477f0000 - 0x00007ff8478b4000 	C:\WINDOWS\System32\KERNEL32.DLL
0x00007ff846040000 - 0x00007ff8463f7000 	C:\WINDOWS\System32\KERNELBASE.dll
0x00007ff846400000 - 0x00007ff846511000 	C:\WINDOWS\System32\ucrtbase.dll
0x00007ff820b60000 - 0x00007ff820b7b000 	C:\Users\Paulo\.jdks\jbr-17.0.12\bin\VCRUNTIME140.dll
0x00007ff822260000 - 0x00007ff822277000 	C:\Users\Paulo\.jdks\jbr-17.0.12\bin\jli.dll
0x00007ff848380000 - 0x00007ff84852f000 	C:\WINDOWS\System32\USER32.dll
0x00007ff845d90000 - 0x00007ff845db6000 	C:\WINDOWS\System32\win32u.dll
0x00007ff847ec0000 - 0x00007ff847ee9000 	C:\WINDOWS\System32\GDI32.dll
0x00007ff845b00000 - 0x00007ff845c18000 	C:\WINDOWS\System32\gdi32full.dll
0x00007ff845f00000 - 0x00007ff845f9a000 	C:\WINDOWS\System32\msvcp_win.dll
0x00007ff82cad0000 - 0x00007ff82cd63000 	C:\WINDOWS\WinSxS\amd64_microsoft.windows.common-controls_6595b64144ccf1df_6.0.22621.3672_none_2713b9d173822955\COMCTL32.dll
0x00007ff8479b0000 - 0x00007ff847a57000 	C:\WINDOWS\System32\msvcrt.dll
0x00007ff847970000 - 0x00007ff8479a1000 	C:\WINDOWS\System32\IMM32.DLL
0x00007ff83d070000 - 0x00007ff83d07c000 	C:\Users\Paulo\.jdks\jbr-17.0.12\bin\vcruntime140_1.dll
0x00007ff806ac0000 - 0x00007ff806b4d000 	C:\Users\Paulo\.jdks\jbr-17.0.12\bin\msvcp140.dll
0x00007fffc66b0000 - 0x00007fffc7335000 	C:\Users\Paulo\.jdks\jbr-17.0.12\bin\server\jvm.dll
0x00007ff8485b0000 - 0x00007ff848662000 	C:\WINDOWS\System32\ADVAPI32.dll
0x00007ff8478c0000 - 0x00007ff847968000 	C:\WINDOWS\System32\sechost.dll
0x00007ff846010000 - 0x00007ff846038000 	C:\WINDOWS\System32\bcrypt.dll
0x00007ff8469a0000 - 0x00007ff846ab4000 	C:\WINDOWS\System32\RPCRT4.dll
0x00007ff8453d0000 - 0x00007ff84541d000 	C:\WINDOWS\SYSTEM32\POWRPROF.dll
0x00007ff83d000000 - 0x00007ff83d034000 	C:\WINDOWS\SYSTEM32\WINMM.dll
0x00007ff83cab0000 - 0x00007ff83caba000 	C:\WINDOWS\SYSTEM32\VERSION.dll
0x00007ff821f20000 - 0x00007ff821f29000 	C:\WINDOWS\SYSTEM32\WSOCK32.dll
0x00007ff847d30000 - 0x00007ff847da1000 	C:\WINDOWS\System32\WS2_32.dll
0x00007ff845360000 - 0x00007ff845373000 	C:\WINDOWS\SYSTEM32\UMPDC.dll
0x00007ff844b20000 - 0x00007ff844b38000 	C:\WINDOWS\SYSTEM32\kernel.appcore.dll
0x00007ff821cd0000 - 0x00007ff821cda000 	C:\Users\Paulo\.jdks\jbr-17.0.12\bin\jimage.dll
0x00007ff8433e0000 - 0x00007ff843612000 	C:\WINDOWS\SYSTEM32\DBGHELP.DLL
0x00007ff847ff0000 - 0x00007ff84837e000 	C:\WINDOWS\System32\combase.dll
0x00007ff848670000 - 0x00007ff848747000 	C:\WINDOWS\System32\OLEAUT32.dll
0x00007ff83c130000 - 0x00007ff83c162000 	C:\WINDOWS\SYSTEM32\dbgcore.DLL
0x00007ff845dc0000 - 0x00007ff845e3b000 	C:\WINDOWS\System32\bcryptPrimitives.dll
0x00007ff81e7b0000 - 0x00007ff81e7be000 	C:\Users\Paulo\.jdks\jbr-17.0.12\bin\instrument.dll
0x00007ff8207a0000 - 0x00007ff8207c5000 	C:\Users\Paulo\.jdks\jbr-17.0.12\bin\java.dll
0x00007ff838cc0000 - 0x00007ff838cd8000 	C:\Users\Paulo\.jdks\jbr-17.0.12\bin\zip.dll
0x00007ff806850000 - 0x00007ff806927000 	C:\Users\Paulo\.jdks\jbr-17.0.12\bin\jsvml.dll
0x00007ff846c60000 - 0x00007ff8474c9000 	C:\WINDOWS\System32\SHELL32.dll
0x00007ff843a20000 - 0x00007ff84431f000 	C:\WINDOWS\SYSTEM32\windows.storage.dll
0x00007ff8438e0000 - 0x00007ff843a1f000 	C:\WINDOWS\SYSTEM32\wintypes.dll
0x00007ff847dc0000 - 0x00007ff847eb9000 	C:\WINDOWS\System32\SHCORE.dll
0x00007ff847a70000 - 0x00007ff847ace000 	C:\WINDOWS\System32\shlwapi.dll
0x00007ff845a30000 - 0x00007ff845a57000 	C:\WINDOWS\SYSTEM32\profapi.dll
0x00007ff820aa0000 - 0x00007ff820ab9000 	C:\Users\Paulo\.jdks\jbr-17.0.12\bin\net.dll
0x00007ff83e0b0000 - 0x00007ff83e1e6000 	C:\WINDOWS\SYSTEM32\WINHTTP.dll
0x00007ff844fa0000 - 0x00007ff845009000 	C:\WINDOWS\system32\mswsock.dll
0x00007ff81eb00000 - 0x00007ff81eb16000 	C:\Users\Paulo\.jdks\jbr-17.0.12\bin\nio.dll
0x00007ff81e790000 - 0x00007ff81e7aa000 	C:\Program Files\JetBrains\IntelliJ IDEA 2024.2.0.2\bin\breakgen64.dll
0x00007ff8209f0000 - 0x00007ff8209f9000 	C:\Users\Paulo\.jdks\jbr-17.0.12\bin\extnet.dll
0x00007ff81e7e0000 - 0x00007ff81e7e9000 	C:\Users\Paulo\.jdks\jbr-17.0.12\bin\management.dll
0x00007ff81e7d0000 - 0x00007ff81e7db000 	C:\Users\Paulo\.jdks\jbr-17.0.12\bin\management_ext.dll
0x00007ff847a60000 - 0x00007ff847a68000 	C:\WINDOWS\System32\PSAPI.DLL
0x00007ff81e7c0000 - 0x00007ff81e7ce000 	C:\Users\Paulo\.jdks\jbr-17.0.12\bin\sunmscapi.dll
0x00007ff845c20000 - 0x00007ff845d86000 	C:\WINDOWS\System32\CRYPT32.dll
0x00007ff8454c0000 - 0x00007ff8454ed000 	C:\WINDOWS\SYSTEM32\ncrypt.dll
0x00007ff845480000 - 0x00007ff8454b7000 	C:\WINDOWS\SYSTEM32\NTASN1.dll
0x00007ff8445f0000 - 0x00007ff8446f2000 	C:\WINDOWS\SYSTEM32\DNSAPI.dll
0x00007ff844580000 - 0x00007ff8445ad000 	C:\WINDOWS\SYSTEM32\IPHLPAPI.DLL
0x00007ff846c50000 - 0x00007ff846c59000 	C:\WINDOWS\System32\NSI.dll
0x00007ff83caa0000 - 0x00007ff83caaa000 	C:\Windows\System32\rasadhlp.dll
0x00007ff83cae0000 - 0x00007ff83cb63000 	C:\WINDOWS\System32\fwpuclnt.dll
0x00007ff845280000 - 0x00007ff84529b000 	C:\WINDOWS\SYSTEM32\CRYPTSP.dll
0x00007ff844a80000 - 0x00007ff844ab5000 	C:\WINDOWS\system32\rsaenh.dll
0x00007ff845120000 - 0x00007ff845148000 	C:\WINDOWS\SYSTEM32\USERENV.dll
0x00007ff8452a0000 - 0x00007ff8452ac000 	C:\WINDOWS\SYSTEM32\CRYPTBASE.dll
0x00007ff83dfe0000 - 0x00007ff83dff9000 	C:\WINDOWS\SYSTEM32\dhcpcsvc6.DLL
0x00007ff83dfc0000 - 0x00007ff83dfdf000 	C:\WINDOWS\SYSTEM32\dhcpcsvc.DLL
0x00007fffe0c00000 - 0x00007fffe0c17000 	C:\WINDOWS\system32\napinsp.dll
0x00007fffe0be0000 - 0x00007fffe0bfb000 	C:\WINDOWS\system32\pnrpnsp.dll
0x00007fffe0bc0000 - 0x00007fffe0bd1000 	C:\WINDOWS\System32\winrnr.dll
0x00007ff815ba0000 - 0x00007ff815bb5000 	C:\WINDOWS\system32\wshbth.dll
0x00007ff814fa0000 - 0x00007ff814fc7000 	C:\WINDOWS\system32\nlansp_c.dll
0x00007ff82cdb0000 - 0x00007ff82ce09000 	C:\WINDOWS\SYSTEM32\pdh.dll
0x00007ff822fe0000 - 0x00007ff822ff1000 	C:\WINDOWS\System32\perfproc.dll
0x00007ff81f9a0000 - 0x00007ff81f9b0000 	C:\Users\Paulo\.jdks\jbr-17.0.12\bin\verify.dll
0x00007ff828830000 - 0x00007ff828838000 	C:\WINDOWS\system32\wshunix.dll

dbghelp: loaded successfully - version: 4.0.5 - missing functions: none
symbol engine: initialized successfully - sym options: 0x614 - pdb path: .;C:\Users\Paulo\.jdks\jbr-17.0.12\bin;C:\WINDOWS\SYSTEM32;C:\WINDOWS\WinSxS\amd64_microsoft.windows.common-controls_6595b64144ccf1df_6.0.22621.3672_none_2713b9d173822955;C:\Users\Paulo\.jdks\jbr-17.0.12\bin\server;C:\Program Files\JetBrains\IntelliJ IDEA 2024.2.0.2\bin

VM Arguments:
jvm_args: --enable-preview -javaagent:C:\Program Files\JetBrains\IntelliJ IDEA 2024.2.0.2\lib\idea_rt.jar=54084:C:\Program Files\JetBrains\IntelliJ IDEA 2024.2.0.2\bin -Dfile.encoding=UTF-8 
java_command: org.example.grupo20integrador3.Grupo20Integrador3Application
java_class_path (initial): C:\Users\Paulo\Documents\tudai\Arquitectura\TP3\Grupo20Integrador3\target\classes;C:\Users\Paulo\.m2\repository\org\springframework\boot\spring-boot-starter-data-jpa\3.3.4\spring-boot-starter-data-jpa-3.3.4.jar;C:\Users\Paulo\.m2\repository\org\springframework\boot\spring-boot-starter-aop\3.3.4\spring-boot-starter-aop-3.3.4.jar;C:\Users\Paulo\.m2\repository\org\springframework\spring-aop\6.1.13\spring-aop-6.1.13.jar;C:\Users\Paulo\.m2\repository\org\aspectj\aspectjweaver\1.9.22.1\aspectjweaver-1.9.22.1.jar;C:\Users\Paulo\.m2\repository\org\springframework\boot\spring-boot-starter-jdbc\3.3.4\spring-boot-starter-jdbc-3.3.4.jar;C:\Users\Paulo\.m2\repository\com\zaxxer\HikariCP\5.1.0\HikariCP-5.1.0.jar;C:\Users\Paulo\.m2\repository\org\springframework\spring-jdbc\6.1.13\spring-jdbc-6.1.13.jar;C:\Users\Paulo\.m2\repository\org\hibernate\orm\hibernate-core\6.5.3.Final\hibernate-core-6.5.3.Final.jar;C:\Users\Paulo\.m2\repository\jakarta\persistence\jakarta.persistence-api\3.1.0\jakarta.persistence-api-3.1.0.jar;C:\Users\Paulo\.m2\repository\jakarta\transaction\jakarta.transaction-api\2.0.1\jakarta.transaction-api-2.0.1.jar;C:\Users\Paulo\.m2\repository\org\jboss\logging\jboss-logging\3.5.3.Final\jboss-logging-3.5.3.Final.jar;C:\Users\Paulo\.m2\repository\org\hibernate\common\hibernate-commons-annotations\6.0.6.Final\hibernate-commons-annotations-6.0.6.Final.jar;C:\Users\Paulo\.m2\repository\io\smallrye\jandex\3.1.2\jandex-3.1.2.jar;C:\Users\Paulo\.m2\repository\com\fasterxml\classmate\1.7.0\classmate-1.7.0.jar;C:\Users\Paulo\.m2\repository\net\bytebuddy\byte-buddy\1.14.19\byte-buddy-1.14.19.jar;C:\Users\Paulo\.m2\repository\org\glassfish\jaxb\jaxb-runtime\4.0.5\jaxb-runtime-4.0.5.jar;C:\Users\Paulo\.m2\repository\org\glassfish\jaxb\jaxb-core\4.0.5\jaxb-core-4.0.5.jar;C:\Users\Paulo\.m2\repository\org\eclipse\angus\angus-activation\2.0.2\angus-activation-2.0.2.jar;C:\Users\Paulo\.m2\repository\org\glassfish\jaxb\txw2\4.0.5\txw2-4.0.5.jar;C:\User
Launcher Type: SUN_STANDARD

[Global flags]
     intx CICompilerCount                          = 3                                         {product} {ergonomic}
     uint ConcGCThreads                            = 1                                         {product} {ergonomic}
     uint G1ConcRefinementThreads                  = 4                                         {product} {ergonomic}
   size_t G1HeapRegionSize                         = 1048576                                   {product} {ergonomic}
    uintx GCDrainStackTargetSize                   = 64                                        {product} {ergonomic}
   size_t InitialHeapSize                          = 62914560                                  {product} {ergonomic}
   size_t MarkStackSize                            = 4194304                                   {product} {ergonomic}
   size_t MaxHeapSize                              = 994050048                                 {product} {ergonomic}
   size_t MaxNewSize                               = 595591168                                 {product} {ergonomic}
   size_t MinHeapDeltaBytes                        = 1048576                                   {product} {ergonomic}
   size_t MinHeapSize                              = 8388608                                   {product} {ergonomic}
    uintx NonNMethodCodeHeapSize                   = 5832780                                {pd product} {ergonomic}
    uintx NonProfiledCodeHeapSize                  = 122912730                              {pd product} {ergonomic}
    uintx ProfiledCodeHeapSize                     = 122912730                              {pd product} {ergonomic}
    uintx ReservedCodeCacheSize                    = 251658240                              {pd product} {ergonomic}
     bool SegmentedCodeCache                       = true                                      {product} {ergonomic}
   size_t SoftMaxHeapSize                          = 994050048                              {manageable} {ergonomic}
     bool UseCompressedClassPointers               = true                           {product lp64_product} {ergonomic}
     bool UseCompressedOops                        = true                           {product lp64_product} {ergonomic}
     bool UseG1GC                                  = true                                      {product} {ergonomic}
     bool UseLargePagesIndividualAllocation        = false                                  {pd product} {ergonomic}

Logging:
Log output configuration:
 #0: stdout all=warning uptime,level,tags
 #1: stderr all=off uptime,level,tags

Environment Variables:
PATH=C:\Program Files\Eclipse Adoptium\jdk-17.0.6.10-hotspot\bin;C:\WINDOWS\system32;C:\WINDOWS;C:\WINDOWS\System32\Wbem;C:\WINDOWS\System32\WindowsPowerShell\v1.0\;C:\WINDOWS\System32\OpenSSH\;C:\Program Files\Git\cmd;C:\Program Files\Docker\Docker\resources\bin;C:\Users\Paulo\AppData\Local\Microsoft\WindowsApps;C:\Users\Paulo\AppData\Local\Programs\Microsoft VS Code\bin;C:\Program Files\JetBrains\DataGrip 2023.3.4\bin;;
USERNAME=Paulo
OS=Windows_NT
PROCESSOR_IDENTIFIER=Intel64 Family 6 Model 140 Stepping 1, GenuineIntel
TMP=C:\Users\Paulo\AppData\Local\Temp
TEMP=C:\Users\Paulo\AppData\Local\Temp



Periodic native trim disabled

JNI global refs:
JNI global refs: 18, weak refs: 0

JNI global refs memory usage: 843, weak refs: 841

OOME stack traces (most recent first):
Classloader memory used:
Loader jdk.internal.loader.ClassLoaders$AppClassLoader                                 : 8526K
Loader bootstrap                                                                       : 3335K
Loader org.springframework.boot.devtools.restart.classloader.RestartClassLoader        : 497K
Loader jdk.internal.loader.ClassLoaders$PlatformClassLoader                            : 103K
Loader jdk.internal.reflect.DelegatingClassLoader                                      : 94558B
Loader sun.reflect.misc.MethodUtil                                                     : 519B
Loader org.springframework.boot.web.embedded.tomcat.TomcatEmbeddedWebappClassLoader    : 353B
Loader net.bytebuddy.utility.dispatcher.JavaDispatcher$DynamicClassLoader              : 283B

Classes loaded by more than one classloader:
Class org.example.grupo20integrador3.Grupo20Integrador3Application                    : loaded 16 times (x 71B)
Class org.example.grupo20integrador3.controllers.EstudianteController                 : loaded 16 times (x 71B)
Class org.example.grupo20integrador3.entities.Carrera                                 : loaded 15 times (x 79B)
Class org.example.grupo20integrador3.repositories.EstudianteRepository                : loaded 15 times (x 68B)
Class org.example.grupo20integrador3.services.EstudianteServicio                      : loaded 15 times (x 71B)
Class org.example.grupo20integrador3.repositories.CarreraRepository                   : loaded 15 times (x 68B)
Class org.example.grupo20integrador3.repositories.EstudianteCarreraRepository         : loaded 15 times (x 68B)
Class org.example.grupo20integrador3.Grupo20Integrador3Application$$SpringCGLIB$$0    : loaded 15 times (x 77B)
Class org.example.grupo20integrador3.utils.CargaDeDatos                               : loaded 15 times (x 71B)
Class org.example.grupo20integrador3.entities.EstudianteCarrera                       : loaded 14 times (x 87B)
Class org.example.grupo20integrador3.entities.Estudiante                              : loaded 14 times (x 87B)
Class org.example.grupo20integrador3.services.EstudianteServicio$$SpringCGLIB$$0      : loaded 3 times (x 117B)
Class org.example.grupo20integrador3.dtos.EstudianteDTO                               : loaded 3 times (x 85B)


---------------  S Y S T E M  ---------------

OS:
 Windows 11 , 64 bit Build 22621 (10.0.22621.3958)
OS uptime: 0 days 18:39 hours
Hyper-V role detected

CPU: total 4 (initial active 4) (2 cores per cpu, 2 threads per core) family 6 model 140 stepping 1 microcode 0x86, cx8, cmov, fxsr, ht, mmx, 3dnowpref, sse, sse2, sse3, ssse3, sse4.1, sse4.2, popcnt, lzcnt, tsc, tscinvbit, avx, avx2, aes, erms, clmul, bmi1, bmi2, adx, avx512f, avx512dq, avx512cd, avx512bw, avx512vl, sha, fma, vzeroupper, avx512_vpopcntdq, avx512_vpclmulqdq, avx512_vaes, avx512_vnni, clflush, clflushopt, clwb, avx512_vbmi2, avx512_vbmi, hv
Processor Information for all 4 processors :
  Max Mhz: 2995, Current Mhz: 2995, Mhz Limit: 2995

Memory: 4k page, system-wide physical 3790M (36M free)
TotalPageFile size 15566M (AvailPageFile size 134M)
current process WorkingSet (physical memory assigned to process): 52M, peak: 291M
current process commit charge ("private bytes"): 374M, peak: 408M

vm_info: OpenJDK 64-Bit Server VM (17.0.12+1-b1087.25) for windows-amd64 JRE (17.0.12+1-b1087.25), built on 2024-08-30 by "builduser" with MS VC++ 16.10 / 16.11 (VS2019)

END.
